170
  *40
170
  40
    *9
170
  *40
    9
170
  40
    9
    *8
170
  *40
    9
    8
170
  40
    9
    8
    *22
170
  *40
    9
    8
    22
*170
  40
    9
    8
    22
170
  40
    9
    8
    22
  *45
170
  40
    9
    8
    22
  45
    *23
170
  40
    9
    8
    22
  45
    23
      *10
170
  40
    9
    8
    22
  45
    23
      10
        *4
170
  40
    9
    8
    22
  45
    23
      *10
        4
170
  40
    9
    8
    22
  45
    23
      10
        4
        *5
170
  40
    9
    8
    22
  45
    23
      *10
        4
        5
Invalid value!
170
  40
    9
    8
    22
  45
    *23
      10
        4
        5
170
  40
    9
    8
    22
  *45
    23
      10
        4
        5
170
  *45
    23
      10
        4
        5
  40
    9
    8
    22
